<?xml version="1.0" encoding="UTF-8"?>
<testng-results ignored="0" total="2" passed="2" failed="0" skipped="0">
  <reporter-output>
  </reporter-output>
  <suite started-at="2022-05-11T23:00:15 IST" name="Default suite" finished-at="2022-05-11T23:00:25 IST" duration-ms="9910">
    <groups>
    </groups>
    <test started-at="2022-05-11T23:00:15 IST" name="Default test" finished-at="2022-05-11T23:00:25 IST" duration-ms="9910">
      <class name="com.qa.amazon.tests.Logintest">
        <test-method is-config="true" signature="setup()[pri:0, instance:com.qa.amazon.tests.Logintest@21282ed8]" started-at="2022-05-11T23:00:15 IST" name="setup" finished-at="2022-05-11T23:00:24 IST" duration-ms="8680" status="PASS">
          <reporter-output>
          </reporter-output>
        </test-method> <!-- setup -->
        <test-method signature="loginpagetitletest()[pri:1, instance:com.qa.amazon.tests.Logintest@21282ed8]" started-at="2022-05-11T23:00:24 IST" name="loginpagetitletest" finished-at="2022-05-11T23:00:24 IST" duration-ms="298" status="PASS">
          <reporter-output>
          </reporter-output>
        </test-method> <!-- loginpagetitletest -->
        <test-method signature="loginpageurltest()[pri:2, instance:com.qa.amazon.tests.Logintest@21282ed8]" started-at="2022-05-11T23:00:25 IST" name="loginpageurltest" finished-at="2022-05-11T23:00:25 IST" duration-ms="28" status="PASS">
          <reporter-output>
          </reporter-output>
        </test-method> <!-- loginpageurltest -->
        <test-method is-config="true" signature="teardown()[pri:0, instance:com.qa.amazon.tests.Logintest@21282ed8]" started-at="2022-05-11T23:00:25 IST" name="teardown" finished-at="2022-05-11T23:00:25 IST" duration-ms="792" status="PASS">
          <reporter-output>
          </reporter-output>
        </test-method> <!-- teardown -->
      </class> <!-- com.qa.amazon.tests.Logintest -->
    </test> <!-- Default test -->
  </suite> <!-- Default suite -->
</testng-results>
